0 info it worked if it ends with ok
1 verbose cli [ 'C:\\Program Files\\nodejs\\node.exe',
1 verbose cli   'C:\\Users\\teripal\\AppData\\Roaming\\npm\\node_modules\\npm\\bin\\npm-cli.js',
1 verbose cli   'run',
1 verbose cli   'coverage' ]
2 info using npm@4.0.5
3 info using node@v6.14.0
4 verbose run-script [ 'precoverage', 'coverage', 'postcoverage' ]
5 info lifecycle postgre-express-react-node-tutorial@1.0.0~precoverage: postgre-express-react-node-tutorial@1.0.0
6 silly lifecycle postgre-express-react-node-tutorial@1.0.0~precoverage: no script for precoverage, continuing
7 info lifecycle postgre-express-react-node-tutorial@1.0.0~coverage: postgre-express-react-node-tutorial@1.0.0
8 verbose lifecycle postgre-express-react-node-tutorial@1.0.0~coverage: unsafe-perm in lifecycle true
9 verbose lifecycle postgre-express-react-node-tutorial@1.0.0~coverage: PATH: C:\Users\teripal\AppData\Roaming\npm\node_modules\npm\bin\node-gyp-bin;C:\Codes\postgre-express-react-node-tutorial\node_modules\.bin;C:\Users\teripal\bin;C:\Program Files\Git\mingw64\bin;C:\Program Files\Git\usr\local\bin;C:\Program Files\Git\usr\bin;C:\Program Files\Git\usr\bin;C:\Program Files\Git\mingw64\bin;C:\Program Files\Git\usr\bin;C:\Users\teripal\bin;C:\ProgramData\Oracle\Java\javapath;C:\Program Files (x86)\Common Files\Intel\Shared Files\cpp\bin\Intel64;C:\WINDOWS\system32;C:\WINDOWS;C:\WINDOWS\System32\Wbem;C:\WINDOWS\System32\WindowsPowerShell\v1.0;C:\Program Files (x86)\Yarn\bin;C:\ProgramData\ComposerSetup\bin;C:\WhoIs;C:\Program Files (x86)\HTC\HTC Sync Manager\HTC Sync;C:\Program Files\PuTTY;C:\curl;C:\laragon\bin\php\php-7.0.10-Win32-VC14-x86;C:\Program Files (x86)\QuickTime\QTSystem;C:\HashiCorp\Vagrant\bin;C:\GitStack\python;C:\GitStack\python\Scripts;C:\GitStack\php;C:\GitStack\git\cmd;C:\GitStack\git\bin;C:\PostgreSQL\pg10\bin;C:\Program Files\PostgreSQL\10\bin;C:\Program Files\PostgreSQL\10\lib;C:\WINDOWS\System32\OpenSSH;C:\Program Files\MongoDB\Server\4.0\bin;C:\Program Files\nodejs;C:\Users\teripal\AppData\Local\Yarn\bin;C:\Program Files\Microsoft VS Code\bin;C:\Users\teripal\AppData\Roaming\Composer\vendor\bin;C:\Users\teripal\AppData\Local\Microsoft\WindowsApps;C:\Users\teripal\AppData\Local\Programs\Microsoft VS Code\bin;C:\Users\teripal\AppData\Roaming\npm;C:\Program Files\Git\usr\bin\vendor_perl;C:\Program Files\Git\usr\bin\core_perl
10 verbose lifecycle postgre-express-react-node-tutorial@1.0.0~coverage: CWD: C:\Codes\postgre-express-react-node-tutorial
11 silly lifecycle postgre-express-react-node-tutorial@1.0.0~coverage: Args: [ '/d /s /c', 'nyc report --reporter=text-lcov | coveralls' ]
12 silly lifecycle postgre-express-react-node-tutorial@1.0.0~coverage: Returned: code: 1  signal: null
13 info lifecycle postgre-express-react-node-tutorial@1.0.0~coverage: Failed to exec coverage script
14 verbose stack Error: postgre-express-react-node-tutorial@1.0.0 coverage: `nyc report --reporter=text-lcov | coveralls`
14 verbose stack Exit status 1
14 verbose stack     at EventEmitter.<anonymous> (C:\Users\teripal\AppData\Roaming\npm\node_modules\npm\lib\utils\lifecycle.js:279:16)
14 verbose stack     at emitTwo (events.js:106:13)
14 verbose stack     at EventEmitter.emit (events.js:191:7)
14 verbose stack     at ChildProcess.<anonymous> (C:\Users\teripal\AppData\Roaming\npm\node_modules\npm\lib\utils\spawn.js:40:14)
14 verbose stack     at emitTwo (events.js:106:13)
14 verbose stack     at ChildProcess.emit (events.js:191:7)
14 verbose stack     at maybeClose (internal/child_process.js:920:16)
14 verbose stack     at Process.ChildProcess._handle.onexit (internal/child_process.js:230:5)
15 verbose pkgid postgre-express-react-node-tutorial@1.0.0
16 verbose cwd C:\Codes\postgre-express-react-node-tutorial
17 error Windows_NT 10.0.17134
18 error argv "C:\\Program Files\\nodejs\\node.exe" "C:\\Users\\teripal\\AppData\\Roaming\\npm\\node_modules\\npm\\bin\\npm-cli.js" "run" "coverage"
19 error node v6.14.0
20 error npm  v4.0.5
21 error code ELIFECYCLE
22 error postgre-express-react-node-tutorial@1.0.0 coverage: `nyc report --reporter=text-lcov | coveralls`
22 error Exit status 1
23 error Failed at the postgre-express-react-node-tutorial@1.0.0 coverage script 'nyc report --reporter=text-lcov | coveralls'.
23 error Make sure you have the latest version of node.js and npm installed.
23 error If you do, this is most likely a problem with the postgre-express-react-node-tutorial package,
23 error not with npm itself.
23 error Tell the author that this fails on your system:
23 error     nyc report --reporter=text-lcov | coveralls
23 error You can get information on how to open an issue for this project with:
23 error     npm bugs postgre-express-react-node-tutorial
23 error Or if that isn't available, you can get their info via:
23 error     npm owner ls postgre-express-react-node-tutorial
23 error There is likely additional logging output above.
24 verbose exit [ 1, true ]
